

Started GET "/" for 127.0.0.1 at 2015-06-27 13:00:41 +0100
Processing by Rails::WelcomeController#index as HTML
  Rendered /home/rails/.gem/ruby/2.1.3/gems/railties-4.2.1/lib/rails/templates/rails/welcome/index.html.erb (1.7ms)
Completed 200 OK in 50ms (Views: 29.8ms | ActiveRecord: 0.0ms)


Started GET "/" for 127.0.0.1 at 2015-06-27 13:01:09 +0100
Processing by Rails::WelcomeController#index as HTML
  Rendered /home/rails/.gem/ruby/2.1.3/gems/railties-4.2.1/lib/rails/templates/rails/welcome/index.html.erb (1.3ms)
Completed 200 OK in 18ms (Views: 8.7ms | ActiveRecord: 0.0ms)
  [1m[36m (4.7ms)[0m  [1mCREATE TABLE "schema_migrations" ("version" varchar NOT NULL) [0m
  [1m[35m (0.1ms)[0m  select sqlite_version(*)
  [1m[36m (4.1ms)[0m  [1mCREATE UNIQUE INDEX "unique_schema_migrations" ON "schema_migrations" ("version")[0m
  [1m[35mActiveRecord::SchemaMigration Load (0.1ms)[0m  SELECT "schema_migrations".* FROM "schema_migrations"
Migrating to DeviseCreateUsers (20150627135424)
  [1m[36m (0.1ms)[0m  [1mbegin transaction[0m
DEPRECATION WARNING: `#timestamp` was called without specifying an option for `null`. In Rails 5, this behavior will change to `null: false`. You should manually specify `null: true` to prevent the behavior of your existing migrations from changing. (called from block in change at /home/rails/tutorial/projects/girlsrails-galway-2015/db/migrate/20150627135424_devise_create_users.rb:34)
  [1m[35m (1.7ms)[0m  CREATE TABLE "users" ("id" INTEGER PRIMARY KEY AUTOINCREMENT NOT NULL, "email" varchar DEFAULT '' NOT NULL, "encrypted_password" varchar DEFAULT '' NOT NULL, "reset_password_token" varchar, "reset_password_sent_at" datetime, "remember_created_at" datetime, "sign_in_count" integer DEFAULT 0 NOT NULL, "current_sign_in_at" datetime, "last_sign_in_at" datetime, "current_sign_in_ip" varchar, "last_sign_in_ip" varchar, "created_at" datetime, "updated_at" datetime) 
  [1m[36m (0.2ms)[0m  [1mCREATE UNIQUE INDEX "index_users_on_email" ON "users" ("email")[0m
  [1m[35m (0.3ms)[0m              SELECT sql
            FROM sqlite_master
            WHERE name='index_users_on_email' AND type='index'
            UNION ALL
            SELECT sql
            FROM sqlite_temp_master
            WHERE name='index_users_on_email' AND type='index'

  [1m[36m (0.1ms)[0m  [1mCREATE UNIQUE INDEX "index_users_on_reset_password_token" ON "users" ("reset_password_token")[0m
  [1m[35mSQL (0.1ms)[0m  INSERT INTO "schema_migrations" ("version") VALUES (?)  [["version", "20150627135424"]]
  [1m[36m (14.0ms)[0m  [1mcommit transaction[0m
  [1m[35mActiveRecord::SchemaMigration Load (0.2ms)[0m  SELECT "schema_migrations".* FROM "schema_migrations"
  [1m[36m (0.1ms)[0m  [1m            SELECT sql
            FROM sqlite_master
            WHERE name='index_users_on_reset_password_token' AND type='index'
            UNION ALL
            SELECT sql
            FROM sqlite_temp_master
            WHERE name='index_users_on_reset_password_token' AND type='index'
[0m
  [1m[35m (0.1ms)[0m              SELECT sql
            FROM sqlite_master
            WHERE name='index_users_on_email' AND type='index'
            UNION ALL
            SELECT sql
            FROM sqlite_temp_master
            WHERE name='index_users_on_email' AND type='index'



Started GET "/" for 127.0.0.1 at 2015-06-27 15:02:22 +0100
  [1m[36mActiveRecord::SchemaMigration Load (0.1ms)[0m  [1mSELECT "schema_migrations".* FROM "schema_migrations"[0m
Processing by Rails::WelcomeController#index as HTML
  Rendered /home/rails/.gem/ruby/2.1.3/gems/railties-4.2.1/lib/rails/templates/rails/welcome/index.html.erb (3.8ms)
Completed 200 OK in 47ms (Views: 27.9ms | ActiveRecord: 0.0ms)


Started GET "/" for 127.0.0.1 at 2015-06-27 15:02:26 +0100
Processing by Rails::WelcomeController#index as HTML
  Rendered /home/rails/.gem/ruby/2.1.3/gems/railties-4.2.1/lib/rails/templates/rails/welcome/index.html.erb (0.0ms)
Completed 200 OK in 10ms (Views: 9.5ms | ActiveRecord: 0.0ms)


Started GET "/" for 127.0.0.1 at 2015-06-27 15:03:06 +0100
  [1m[36mActiveRecord::SchemaMigration Load (0.6ms)[0m  [1mSELECT "schema_migrations".* FROM "schema_migrations"[0m
Processing by Rails::WelcomeController#index as HTML
  Rendered /home/rails/.gem/ruby/2.1.3/gems/railties-4.2.1/lib/rails/templates/rails/welcome/index.html.erb (8.9ms)
Completed 200 OK in 28ms (Views: 14.0ms | ActiveRecord: 0.0ms)


Started GET "/" for 127.0.0.1 at 2015-06-27 15:03:09 +0100
Processing by Rails::WelcomeController#index as HTML
  Rendered /home/rails/.gem/ruby/2.1.3/gems/railties-4.2.1/lib/rails/templates/rails/welcome/index.html.erb (0.0ms)
Completed 200 OK in 3ms (Views: 2.2ms | ActiveRecord: 0.0ms)


Started GET "/users/sign_up" for 127.0.0.1 at 2015-06-27 15:03:18 +0100
Processing by Devise::RegistrationsController#new as HTML
  Rendered /home/rails/.gem/ruby/2.1.3/gems/devise-3.4.1/app/views/devise/shared/_links.html.erb (3.7ms)
  Rendered /home/rails/.gem/ruby/2.1.3/gems/devise-3.4.1/app/views/devise/registrations/new.html.erb within layouts/application (58.9ms)
Completed 200 OK in 1810ms (Views: 1785.4ms | ActiveRecord: 2.4ms)


Started GET "/users/sign_up" for 127.0.0.1 at 2015-06-27 15:03:27 +0100
Processing by Devise::RegistrationsController#new as HTML
  Rendered /home/rails/.gem/ruby/2.1.3/gems/devise-3.4.1/app/views/devise/shared/_links.html.erb (0.2ms)
  Rendered /home/rails/.gem/ruby/2.1.3/gems/devise-3.4.1/app/views/devise/registrations/new.html.erb within layouts/application (3.3ms)
Completed 200 OK in 55ms (Views: 40.0ms | ActiveRecord: 0.0ms)


Started GET "/users/sign_up" for 127.0.0.1 at 2015-06-27 15:03:30 +0100
Processing by Devise::RegistrationsController#new as HTML
  Rendered /home/rails/.gem/ruby/2.1.3/gems/devise-3.4.1/app/views/devise/shared/_links.html.erb (0.2ms)
  Rendered /home/rails/.gem/ruby/2.1.3/gems/devise-3.4.1/app/views/devise/registrations/new.html.erb within layouts/application (4.8ms)
Completed 200 OK in 59ms (Views: 58.1ms | ActiveRecord: 0.0ms)


Started GET "/assets/application.self-e80e8f2318043e8af94dddc2adad5a4f09739a8ebb323b3ab31cd71d45fd9113.css?body=1" for 127.0.0.1 at 2015-06-27 15:03:30 +0100


Started GET "/assets/jquery.self-d03a5518f45df77341bdbe6201ba3bfa547ebba8ed64f0ea56bfa5f96ea7c074.js?body=1" for 127.0.0.1 at 2015-06-27 15:03:30 +0100


Started GET "/assets/jquery_ujs.self-8e98a7a072a6cee1372d19fff9ff3e6aa1e39a37d89d6f06861637d061113ee7.js?body=1" for 127.0.0.1 at 2015-06-27 15:03:30 +0100


Started GET "/assets/turbolinks.self-c37727e9bd6b2735da5c311aa83fead54ed0be6cc8bd9a65309e9c5abe2cbfff.js?body=1" for 127.0.0.1 at 2015-06-27 15:03:30 +0100


Started GET "/assets/application.self-3b8dabdc891efe46b9a144b400ad69e37d7e5876bdc39dee783419a69d7ca819.js?body=1" for 127.0.0.1 at 2015-06-27 15:03:30 +0100


Started POST "/users" for 127.0.0.1 at 2015-06-27 15:07:06 +0100
Processing by Devise::RegistrationsController#create as HTML
  Parameters: {"utf8"=>"✓", "authenticity_token"=>"y7wbLrfZzMm5QMvzSQUPflh5zWeu0X6m6RuN8u6yjD4mf/eOVYPhgHmK+EiVXFrajhDaUfu+TZvB5zac0kNaUg==", "user"=>{"email"=>"user1@gmail.com", "password"=>"[FILTERED]", "password_confirmation"=>"[FILTERED]"}, "commit"=>"Sign up"}
  [1m[35m (0.1ms)[0m  begin transaction
  [1m[36mUser Exists (0.2ms)[0m  [1mSELECT  1 AS one FROM "users" WHERE "users"."email" = 'user1@gmail.com' LIMIT 1[0m
  [1m[35m (0.1ms)[0m  rollback transaction
  Rendered /home/rails/.gem/ruby/2.1.3/gems/devise-3.4.1/app/views/devise/shared/_links.html.erb (0.8ms)
  Rendered /home/rails/.gem/ruby/2.1.3/gems/devise-3.4.1/app/views/devise/registrations/new.html.erb within layouts/application (6.6ms)
Completed 200 OK in 241ms (Views: 54.0ms | ActiveRecord: 0.4ms)


Started POST "/users" for 127.0.0.1 at 2015-06-27 15:08:08 +0100
Processing by Devise::RegistrationsController#create as HTML
  Parameters: {"utf8"=>"✓", "authenticity_token"=>"eyTz4IGFM/TlF1O9FaYloTH5rS2Hm5wVlfODXad3C46W5x9AY98evSXdYAbJ/3AF55C6G9L0ryi9Dzgzm4bd4g==", "user"=>{"email"=>"user1@gmail.com", "password"=>"[FILTERED]", "password_confirmation"=>"[FILTERED]"}, "commit"=>"Sign up"}
  [1m[36m (0.2ms)[0m  [1mbegin transaction[0m
  [1m[35mUser Exists (0.2ms)[0m  SELECT  1 AS one FROM "users" WHERE "users"."email" = 'user1@gmail.com' LIMIT 1
  [1m[36mSQL (11.3ms)[0m  [1mINSERT INTO "users" ("email", "encrypted_password", "created_at", "updated_at") VALUES (?, ?, ?, ?)[0m  [["email", "user1@gmail.com"], ["encrypted_password", "$2a$10$PngVqLsQyrVF6qFAomOy7erNCOq8HsYfGJI0s3c39jGPUD.kYYAM6"], ["created_at", "2015-06-27 14:08:09.037783"], ["updated_at", "2015-06-27 14:08:09.037783"]]
  [1m[35m (26.2ms)[0m  commit transaction
  [1m[36m (0.2ms)[0m  [1mbegin transaction[0m
  [1m[35mSQL (9.8ms)[0m  UPDATE "users" SET "last_sign_in_at" = ?, "current_sign_in_at" = ?, "last_sign_in_ip" = ?, "current_sign_in_ip" = ?, "sign_in_count" = ?, "updated_at" = ? WHERE "users"."id" = ?  [["last_sign_in_at", "2015-06-27 14:08:09.081782"], ["current_sign_in_at", "2015-06-27 14:08:09.081782"], ["last_sign_in_ip", "127.0.0.1"], ["current_sign_in_ip", "127.0.0.1"], ["sign_in_count", 1], ["updated_at", "2015-06-27 14:08:09.085467"], ["id", 1]]
  [1m[36m (13.4ms)[0m  [1mcommit transaction[0m
Redirected to http://localhost:3000/
Completed 302 Found in 254ms (ActiveRecord: 61.3ms)


Started GET "/" for 127.0.0.1 at 2015-06-27 15:08:09 +0100
Processing by Rails::WelcomeController#index as HTML
  Rendered /home/rails/.gem/ruby/2.1.3/gems/railties-4.2.1/lib/rails/templates/rails/welcome/index.html.erb (0.1ms)
Completed 200 OK in 2ms (Views: 1.1ms | ActiveRecord: 0.0ms)


Started GET "/" for 127.0.0.1 at 2015-06-27 15:08:24 +0100
Processing by Rails::WelcomeController#index as HTML
  Rendered /home/rails/.gem/ruby/2.1.3/gems/railties-4.2.1/lib/rails/templates/rails/welcome/index.html.erb (0.0ms)
Completed 200 OK in 3ms (Views: 2.7ms | ActiveRecord: 0.0ms)


Started GET "/users/sign_up" for 127.0.0.1 at 2015-06-27 15:08:36 +0100
Processing by Devise::RegistrationsController#new as HTML
  [1m[35mUser Load (0.7ms)[0m  SELECT  "users".* FROM "users" WHERE "users"."id" = ?  ORDER BY "users"."id" ASC LIMIT 1  [["id", 1]]
Redirected to http://localhost:3000/
Filter chain halted as :require_no_authentication rendered or redirected
Completed 302 Found in 12ms (ActiveRecord: 0.7ms)


Started GET "/" for 127.0.0.1 at 2015-06-27 15:08:36 +0100
Processing by Rails::WelcomeController#index as HTML
  Rendered /home/rails/.gem/ruby/2.1.3/gems/railties-4.2.1/lib/rails/templates/rails/welcome/index.html.erb (0.1ms)
Completed 200 OK in 2ms (Views: 1.2ms | ActiveRecord: 0.0ms)
